# JRE version: OpenJDK Runtime Environment (23.0+37) (build 23+37-2369)
# Java VM: OpenJDK 64-Bit Server VM (23+37-2369, mixed mode, sharing, tiered, compressed oops, compressed class ptrs, g1 gc, windows-amd64)
GC Precious Log:
 CardTable entry size: 512
 Card Set container configuration: InlinePtr #cards 4 size 8 Array Of Cards #cards 32 size 80 Howl #buckets 8 coarsen threshold 7372 Howl Bitmap #cards 1024 size 144 coarsen threshold 921 Card regions per heap region 1 cards per card region 8192
 CPUs: 16 total, 16 available
 Memory: 32178M
 Large Page Support: Disabled
 NUMA Support: Disabled
 Compressed Oops: Enabled (Zero based)
 Heap Region Size: 4M
 Heap Min Capacity: 8M
 Heap Initial Capacity: 504M
 Heap Max Capacity: 8048M
 Pre-touch: Disabled
 Parallel Workers: 13
 Concurrent Workers: 3
 Concurrent Refinement Workers: 13
 Periodic GC: Disabled
Heap:
 garbage-first heap   total reserved 8241152K, committed 90112K, used 52277K [0x0000000609000000, 0x0000000800000000)
  region size 4096K, 11 young (45056K), 3 survivors (12288K)
 Metaspace       used 27119K, committed 27648K, reserved 1114112K
  class space    used 2338K, committed 2560K, reserved 1048576K
GC Heap History (10 events):
Event: 0.506 GC heap before
{Heap before GC invocations=0 (full 0):
 garbage-first heap   total reserved 8241152K, committed 516096K, used 24576K [0x0000000609000000, 0x0000000800000000)
  region size 4096K, 6 young (24576K), 0 survivors (0K)
 Metaspace       used 4691K, committed 4864K, reserved 1114112K
  class space    used 460K, committed 512K, reserved 1048576K
}
Event: 0.509 GC heap after
{Heap after GC invocations=1 (full 0):
 garbage-first heap   total reserved 8241152K, committed 516096K, used 5861K [0x0000000609000000, 0x0000000800000000)
  region size 4096K, 1 young (4096K), 1 survivors (4096K)
 Metaspace       used 4691K, committed 4864K, reserved 1114112K
  class space    used 460K, committed 512K, reserved 1048576K
}
Event: 0.674 GC heap before
{Heap before GC invocations=1 (full 0):
 garbage-first heap   total reserved 8241152K, committed 516096K, used 26341K [0x0000000609000000, 0x0000000800000000)
  region size 4096K, 6 young (24576K), 1 survivors (4096K)
 Metaspace       used 8208K, committed 8512K, reserved 1114112K
  class space    used 907K, committed 1024K, reserved 1048576K
}
Event: 0.676 GC heap after
{Heap after GC invocations=2 (full 0):
 garbage-first heap   total reserved 8241152K, committed 516096K, used 7591K [0x0000000609000000, 0x0000000800000000)
  region size 4096K, 1 young (4096K), 1 survivors (4096K)
 Metaspace       used 8208K, committed 8512K, reserved 1114112K
  class space    used 907K, committed 1024K, reserved 1048576K
}
Event: 1.637 GC heap before
{Heap before GC invocations=2 (full 0):
 garbage-first heap   total reserved 8241152K, committed 516096K, used 73127K [0x0000000609000000, 0x0000000800000000)
  region size 4096K, 17 young (69632K), 1 survivors (4096K)
 Metaspace       used 15167K, committed 15488K, reserved 1114112K
  class space    used 1699K, committed 1856K, reserved 1048576K
}
Event: 1.641 GC heap after
{Heap after GC invocations=3 (full 0):
 garbage-first heap   total reserved 8241152K, committed 516096K, used 11440K [0x0000000609000000, 0x0000000800000000)
  region size 4096K, 2 young (8192K), 2 survivors (8192K)
 Metaspace       used 15167K, committed 15488K, reserved 1114112K
  class space    used 1699K, committed 1856K, reserved 1048576K
}
Event: 4.064 GC heap before
{Heap before GC invocations=3 (full 0):
 garbage-first heap   total reserved 8241152K, committed 516096K, used 56496K [0x0000000609000000, 0x0000000800000000)
  region size 4096K, 15 young (61440K), 2 survivors (8192K)
 Metaspace       used 21082K, committed 21504K, reserved 1114112K
  class space    used 2161K, committed 2368K, reserved 1048576K
}
Event: 4.067 GC heap after
{Heap after GC invocations=4 (full 0):
 garbage-first heap   total reserved 8241152K, committed 516096K, used 16821K [0x0000000609000000, 0x0000000800000000)
  region size 4096K, 3 young (12288K), 3 survivors (12288K)
 Metaspace       used 21082K, committed 21504K, reserved 1114112K
  class space    used 2161K, committed 2368K, reserved 1048576K
}
Event: 4.265 GC heap before
{Heap before GC invocations=5 (full 0):
 garbage-first heap   total reserved 8241152K, committed 69632K, used 61877K [0x0000000609000000, 0x0000000800000000)
  region size 4096K, 15 young (61440K), 3 survivors (12288K)
 Metaspace       used 25180K, committed 25536K, reserved 1114112K
  class space    used 2211K, committed 2368K, reserved 1048576K
}
Event: 4.271 GC heap after
{Heap after GC invocations=6 (full 0):
 garbage-first heap   total reserved 8241152K, committed 90112K, used 23605K [0x0000000609000000, 0x0000000800000000)
  region size 4096K, 3 young (12288K), 3 survivors (12288K)
 Metaspace       used 25180K, committed 25536K, reserved 1114112K
  class space    used 2211K, committed 2368K, reserved 1048576K
}

