# JRE version: OpenJDK Runtime Environment (23.0+37) (build 23+37-2369)
# Java VM: OpenJDK 64-Bit Server VM (23+37-2369, mixed mode, sharing, tiered, compressed oops, compressed class ptrs, g1 gc, windows-amd64)
GC Precious Log:
 CardTable entry size: 512
 Card Set container configuration: InlinePtr #cards 4 size 8 Array Of Cards #cards 32 size 80 Howl #buckets 8 coarsen threshold 7372 Howl Bitmap #cards 1024 size 144 coarsen threshold 921 Card regions per heap region 1 cards per card region 8192
 CPUs: 16 total, 16 available
 Memory: 32178M
 Large Page Support: Disabled
 NUMA Support: Disabled
 Compressed Oops: Enabled (Zero based)
 Heap Region Size: 4M
 Heap Min Capacity: 8M
 Heap Initial Capacity: 504M
 Heap Max Capacity: 8048M
 Pre-touch: Disabled
 Parallel Workers: 13
 Concurrent Workers: 3
 Concurrent Refinement Workers: 13
 Periodic GC: Disabled
Heap:
 garbage-first heap   total reserved 8241152K, committed 90112K, used 52185K [0x0000000609000000, 0x0000000800000000)
  region size 4096K, 11 young (45056K), 3 survivors (12288K)
 Metaspace       used 27043K, committed 27392K, reserved 1114112K
  class space    used 2296K, committed 2432K, reserved 1048576K
GC Heap History (10 events):
Event: 0.516 GC heap before
{Heap before GC invocations=0 (full 0):
 garbage-first heap   total reserved 8241152K, committed 516096K, used 24576K [0x0000000609000000, 0x0000000800000000)
  region size 4096K, 6 young (24576K), 0 survivors (0K)
 Metaspace       used 4601K, committed 4800K, reserved 1114112K
  class space    used 454K, committed 512K, reserved 1048576K
}
Event: 0.519 GC heap after
{Heap after GC invocations=1 (full 0):
 garbage-first heap   total reserved 8241152K, committed 516096K, used 6033K [0x0000000609000000, 0x0000000800000000)
  region size 4096K, 1 young (4096K), 1 survivors (4096K)
 Metaspace       used 4601K, committed 4800K, reserved 1114112K
  class space    used 454K, committed 512K, reserved 1048576K
}
Event: 0.687 GC heap before
{Heap before GC invocations=1 (full 0):
 garbage-first heap   total reserved 8241152K, committed 516096K, used 26513K [0x0000000609000000, 0x0000000800000000)
  region size 4096K, 6 young (24576K), 1 survivors (4096K)
 Metaspace       used 7790K, committed 8064K, reserved 1114112K
  class space    used 849K, committed 1024K, reserved 1048576K
}
Event: 0.689 GC heap after
{Heap after GC invocations=2 (full 0):
 garbage-first heap   total reserved 8241152K, committed 516096K, used 7381K [0x0000000609000000, 0x0000000800000000)
  region size 4096K, 1 young (4096K), 1 survivors (4096K)
 Metaspace       used 7790K, committed 8064K, reserved 1114112K
  class space    used 849K, committed 1024K, reserved 1048576K
}
Event: 1.631 GC heap before
{Heap before GC invocations=2 (full 0):
 garbage-first heap   total reserved 8241152K, committed 516096K, used 72917K [0x0000000609000000, 0x0000000800000000)
  region size 4096K, 17 young (69632K), 1 survivors (4096K)
 Metaspace       used 15081K, committed 15360K, reserved 1114112K
  class space    used 1696K, committed 1792K, reserved 1048576K
}
Event: 1.634 GC heap after
{Heap after GC invocations=3 (full 0):
 garbage-first heap   total reserved 8241152K, committed 516096K, used 11336K [0x0000000609000000, 0x0000000800000000)
  region size 4096K, 2 young (8192K), 2 survivors (8192K)
 Metaspace       used 15081K, committed 15360K, reserved 1114112K
  class space    used 1696K, committed 1792K, reserved 1048576K
}
Event: 3.219 GC heap before
{Heap before GC invocations=3 (full 0):
 garbage-first heap   total reserved 8241152K, committed 516096K, used 72776K [0x0000000609000000, 0x0000000800000000)
  region size 4096K, 18 young (73728K), 2 survivors (8192K)
 Metaspace       used 21118K, committed 21504K, reserved 1114112K
  class space    used 2167K, committed 2368K, reserved 1048576K
}
Event: 3.224 GC heap after
{Heap after GC invocations=4 (full 0):
 garbage-first heap   total reserved 8241152K, committed 516096K, used 16621K [0x0000000609000000, 0x0000000800000000)
  region size 4096K, 3 young (12288K), 3 survivors (12288K)
 Metaspace       used 21118K, committed 21504K, reserved 1114112K
  class space    used 2167K, committed 2368K, reserved 1048576K
}
Event: 3.419 GC heap before
{Heap before GC invocations=5 (full 0):
 garbage-first heap   total reserved 8241152K, committed 69632K, used 61677K [0x0000000609000000, 0x0000000800000000)
  region size 4096K, 15 young (61440K), 3 survivors (12288K)
 Metaspace       used 25200K, committed 25600K, reserved 1114112K
  class space    used 2216K, committed 2368K, reserved 1048576K
}
Event: 3.425 GC heap after
{Heap after GC invocations=6 (full 0):
 garbage-first heap   total reserved 8241152K, committed 90112K, used 23513K [0x0000000609000000, 0x0000000800000000)
  region size 4096K, 3 young (12288K), 3 survivors (12288K)
 Metaspace       used 25200K, committed 25600K, reserved 1114112K
  class space    used 2216K, committed 2368K, reserved 1048576K
}

