# JRE version: OpenJDK Runtime Environment (14.0.1+7) (build 14.0.1+7)
# Java VM: OpenJDK 64-Bit Server VM (14.0.1+7, mixed mode, sharing, tiered, compressed oops, g1 gc, windows-amd64)
Heap:
 garbage-first heap   total 151552K, used 42081K [0x0000000701c00000, 0x0000000800000000)
  region size 1024K, 28 young (28672K), 3 survivors (3072K)
 Metaspace       used 24624K, capacity 25455K, committed 25648K, reserved 1071104K
  class space    used 2795K, capacity 3080K, committed 3200K, reserved 1048576K
GC Heap History (10 events):
Event: 0.446 GC heap before
{Heap before GC invocations=0 (full 0):
 garbage-first heap   total 262144K, used 23552K [0x0000000701c00000, 0x0000000800000000)
  region size 1024K, 23 young (23552K), 0 survivors (0K)
 Metaspace       used 4752K, capacity 7515K, committed 7552K, reserved 1056768K
  class space    used 602K, capacity 892K, committed 896K, reserved 1048576K
}
Event: 0.449 GC heap after
{Heap after GC invocations=1 (full 0):
 garbage-first heap   total 262144K, used 3345K [0x0000000701c00000, 0x0000000800000000)
  region size 1024K, 3 young (3072K), 3 survivors (3072K)
 Metaspace       used 4752K, capacity 7515K, committed 7552K, reserved 1056768K
  class space    used 602K, capacity 892K, committed 896K, reserved 1048576K
}
Event: 1.056 GC heap before
{Heap before GC invocations=1 (full 0):
 garbage-first heap   total 262144K, used 35089K [0x0000000701c00000, 0x0000000800000000)
  region size 1024K, 34 young (34816K), 3 survivors (3072K)
 Metaspace       used 10431K, capacity 12506K, committed 12672K, reserved 1060864K
  class space    used 1313K, capacity 1561K, committed 1664K, reserved 1048576K
}
Event: 1.063 GC heap after
{Heap after GC invocations=2 (full 0):
 garbage-first heap   total 262144K, used 5422K [0x0000000701c00000, 0x0000000800000000)
  region size 1024K, 3 young (3072K), 3 survivors (3072K)
 Metaspace       used 10431K, capacity 12506K, committed 12672K, reserved 1060864K
  class space    used 1313K, capacity 1561K, committed 1664K, reserved 1048576K
}
Event: 2.522 GC heap before
{Heap before GC invocations=2 (full 0):
 garbage-first heap   total 262144K, used 71982K [0x0000000701c00000, 0x0000000800000000)
  region size 1024K, 69 young (70656K), 3 survivors (3072K)
 Metaspace       used 19913K, capacity 21128K, committed 21296K, reserved 1069056K
  class space    used 2394K, capacity 2611K, committed 2688K, reserved 1048576K
}
Event: 2.529 GC heap after
{Heap after GC invocations=3 (full 0):
 garbage-first heap   total 262144K, used 10064K [0x0000000701c00000, 0x0000000800000000)
  region size 1024K, 7 young (7168K), 7 survivors (7168K)
 Metaspace       used 19913K, capacity 21128K, committed 21296K, reserved 1069056K
  class space    used 2394K, capacity 2611K, committed 2688K, reserved 1048576K
}
Event: 2.843 GC heap before
{Heap before GC invocations=4 (full 0):
 garbage-first heap   total 40960K, used 27472K [0x0000000701c00000, 0x0000000800000000)
  region size 1024K, 24 young (24576K), 7 survivors (7168K)
 Metaspace       used 21958K, capacity 22843K, committed 22960K, reserved 1069056K
  class space    used 2578K, capacity 2799K, committed 2816K, reserved 1048576K
}
Event: 2.853 GC heap after
{Heap after GC invocations=5 (full 0):
 garbage-first heap   total 40960K, used 14054K [0x0000000701c00000, 0x0000000800000000)
  region size 1024K, 3 young (3072K), 3 survivors (3072K)
 Metaspace       used 21958K, capacity 22843K, committed 22960K, reserved 1069056K
  class space    used 2578K, capacity 2799K, committed 2816K, reserved 1048576K
}
Event: 2.989 GC heap before
{Heap before GC invocations=5 (full 0):
 garbage-first heap   total 40960K, used 28390K [0x0000000701c00000, 0x0000000800000000)
  region size 1024K, 17 young (17408K), 3 survivors (3072K)
 Metaspace       used 22286K, capacity 23200K, committed 23472K, reserved 1071104K
  class space    used 2588K, capacity 2807K, committed 2816K, reserved 1048576K
}
Event: 3.000 GC heap after
{Heap after GC invocations=6 (full 0):
 garbage-first heap   total 151552K, used 17505K [0x0000000701c00000, 0x0000000800000000)
  region size 1024K, 3 young (3072K), 3 survivors (3072K)
 Metaspace       used 22286K, capacity 23200K, committed 23472K, reserved 1071104K
  class space    used 2588K, capacity 2807K, committed 2816K, reserved 1048576K
}

